<?xml version="1.0" encoding="UTF-8"?>
<!-- Generated by org.testng.reporters.JUnitReportReporter -->
<testsuite skipped="0" hostname="mojesamomoje" name="com.tests.SearchForProducts" tests="1" failures="0" timestamp="2021-07-17T15:19:18 CEST" time="6.596" errors="0">
  <testcase name="createAccount" time="6.596" classname="com.tests.SearchForProducts"/>
  <system-out/>
</testsuite> <!-- com.tests.SearchForProducts -->
