<?xml version="1.0" encoding="UTF-8"?>
<!-- Generated by org.testng.reporters.JUnitReportReporter -->
<testsuite hostname="mojesamomoje" failures="0" tests="1" name="com.tests.Login" time="11.113" errors="0" timestamp="2021-07-31T13:25:31 CEST" skipped="0">
  <testcase classname="com.tests.Login" name="createAccount" time="11.113"/>
  <system-out/>
</testsuite> <!-- com.tests.Login -->
