<?xml version="1.0" encoding="UTF-8"?>
<!-- Generated by org.testng.reporters.JUnitReportReporter -->
<testsuite skipped="0" hostname="mojesamomoje" name="com.tests.writeFakeMailtoExcel" tests="1" failures="0" timestamp="2021-07-20T16:11:20 CEST" time="10.399" errors="0">
  <testcase name="GetFakeMailForRegistration" time="10.399" classname="com.tests.writeFakeMailtoExcel"/>
  <system-out/>
</testsuite> <!-- com.tests.writeFakeMailtoExcel -->
