<?xml version="1.0" encoding="UTF-8"?>
<!-- Generated by org.testng.reporters.JUnitReportReporter -->
<testsuite skipped="0" hostname="mojesamomoje" name="report.ExtentReporterNG" tests="1" failures="0" timestamp="2021-07-17T10:19:17 CEST" time="0.504" errors="0">
  <testcase name="extentTest" time="0.504" classname="report.ExtentReporterNG"/>
  <system-out/>
</testsuite> <!-- report.ExtentReporterNG -->
