<?xml version="1.0" encoding="UTF-8"?>
<!-- Generated by org.testng.reporters.JUnitReportReporter -->
<testsuite hostname="mojesamomoje" failures="0" tests="1" name="com.tests.Logout" time="12.940" errors="0" timestamp="2021-07-31T14:01:23 CEST" skipped="0">
  <testcase classname="com.tests.Logout" name="createAccount" time="12.940"/>
  <system-out/>
</testsuite> <!-- com.tests.Logout -->
