<?xml version="1.0" encoding="UTF-8"?>
<!-- Generated by org.testng.reporters.JUnitReportReporter -->
<testsuite skipped="0" hostname="mojesamomoje" name="com.tests.DemoTest3" tests="2" failures="0" timestamp="2021-07-17T13:02:57 CEST" time="0.028" errors="0">
  <testcase name="getTitle" time="0.015" classname="com.tests.DemoTest3"/>
  <system-out/>
  <testcase name="getTitle" time="0.013" classname="com.tests.DemoTest3"/>
  <system-out/>
</testsuite> <!-- com.tests.DemoTest3 -->
