<?xml version="1.0" encoding="UTF-8"?>
<!-- Generated by org.testng.reporters.JUnitReportReporter -->
<testsuite skipped="0" hostname="mojesamomoje" name="com.tests.ChangePassword" tests="1" failures="0" timestamp="2021-07-20T16:11:20 CEST" time="12.520" errors="0">
  <testcase name="createAccount" time="12.520" classname="com.tests.ChangePassword"/>
  <system-out/>
</testsuite> <!-- com.tests.ChangePassword -->
