<?xml version="1.0" encoding="UTF-8"?>
<!-- Generated by org.testng.reporters.JUnitReportReporter -->
<testsuite skipped="0" hostname="mojesamomoje" name="com.tests.SearchAndViewProducts" tests="1" failures="0" timestamp="2021-07-20T16:11:20 CEST" time="20.942" errors="0">
  <testcase name="LoginAndSearch" time="20.942" classname="com.tests.SearchAndViewProducts"/>
  <system-out/>
</testsuite> <!-- com.tests.SearchAndViewProducts -->
