<?xml version="1.0" encoding="UTF-8"?>
<!-- Generated by org.testng.reporters.JUnitReportReporter -->
<testsuite skipped="0" hostname="mojesamomoje" name="com.tests.AddItemToChartS" tests="1" failures="0" timestamp="2021-07-20T16:15:35 CEST" time="21.528" errors="0">
  <testcase name="LoginAndSearch" time="21.528" classname="com.tests.AddItemToChartS"/>
  <system-out/>
</testsuite> <!-- com.tests.AddItemToChartS -->
