<?xml version="1.0" encoding="UTF-8"?>
<!-- Generated by org.testng.reporters.JUnitReportReporter -->
<testsuite skipped="0" hostname="mojesamomoje" name="com.tests.Login" tests="1" failures="0" timestamp="2021-07-20T16:15:35 CEST" time="10.594" errors="0">
  <testcase name="createAccount" time="10.594" classname="com.tests.Login"/>
  <system-out/>
</testsuite> <!-- com.tests.Login -->
